
*** Running xst
    with args -ifn head.xst -ofn head.srp -intstyle ise

Reading design: head.prj

=========================================================================
*                          HDL Compilation                              *
=========================================================================
Compiling vhdl file "/home/thomas/Documents/CloudStation/Skole/7_Semester/EMB/code/fsm/fsm.srcs/sources_1/new/debounce.vhd" in Library work.
Entity <debounce> compiled.
Entity <debounce> (Architecture <Behavioral>) compiled.
Compiling vhdl file "/home/thomas/Documents/CloudStation/Skole/7_Semester/EMB/code/fsm/fsm.srcs/sources_1/new/fsm.vhd" in Library work.
Entity <fsm> compiled.
Entity <fsm> (Architecture <Behavioral>) compiled.
Compiling vhdl file "/home/thomas/Documents/CloudStation/Skole/7_Semester/EMB/code/fsm/fsm.srcs/sources_1/new/head.vhd" in Library work.
Entity <head> compiled.
Entity <head> (Architecture <Behavioral>) compiled.

=========================================================================
*                     Design Hierarchy Analysis                         *
=========================================================================
Analyzing hierarchy for entity <head> in library <work> (architecture <Behavioral>).

Analyzing hierarchy for entity <debounce> in library <work> (architecture <Behavioral>) with generics.
	counter_size = 19

Analyzing hierarchy for entity <fsm> in library <work> (architecture <Behavioral>).


=========================================================================
*                            HDL Analysis                               *
=========================================================================
Analyzing Entity <head> in library <work> (Architecture <Behavioral>).
Entity <head> analyzed. Unit <head> generated.

Analyzing generic Entity <debounce> in library <work> (Architecture <Behavioral>).
	counter_size = 19
Entity <debounce> analyzed. Unit <debounce> generated.

Analyzing Entity <fsm> in library <work> (Architecture <Behavioral>).
Entity <fsm> analyzed. Unit <fsm> generated.


=========================================================================
*                           HDL Synthesis                               *
=========================================================================

Performing bidirectional port resolution...

Synthesizing Unit <debounce>.
    Related source file is "/home/thomas/Documents/CloudStation/Skole/7_Semester/EMB/code/fsm/fsm.srcs/sources_1/new/debounce.vhd".
    Found 1-bit register for signal <result>.
    Found 20-bit up counter for signal <count>.
    Found 1-bit xor2 for signal <counter_set>.
    Found 2-bit register for signal <flipflop>.
    Summary:
	inferred   1 Counter(s).
	inferred   3 D-type flip-flop(s).
Unit <debounce> synthesized.


Synthesizing Unit <fsm>.
    Related source file is "/home/thomas/Documents/CloudStation/Skole/7_Semester/EMB/code/fsm/fsm.srcs/sources_1/new/fsm.vhd".
    Using one-hot encoding for signal <state>.
    Found 6-bit register for signal <led_o>.
    Found 7-bit register for signal <next_state>.
    Found 7-bit register for signal <state>.
    Found 1-bit xor2 for signal <state_change$xor0000> created at line 108.
    Summary:
	inferred  20 D-type flip-flop(s).
Unit <fsm> synthesized.


Synthesizing Unit <head>.
    Related source file is "/home/thomas/Documents/CloudStation/Skole/7_Semester/EMB/code/fsm/fsm.srcs/sources_1/new/head.vhd".
Unit <head> synthesized.


=========================================================================
HDL Synthesis Report

Macro Statistics
# Counters                                             : 2
 20-bit up counter                                     : 2
# Registers                                            : 9
 1-bit register                                        : 6
 6-bit register                                        : 1
 7-bit register                                        : 2
# Xors                                                 : 3
 1-bit xor2                                            : 3

=========================================================================

=========================================================================
*                       Advanced HDL Synthesis                          *
=========================================================================


=========================================================================
Advanced HDL Synthesis Report

Macro Statistics
# Counters                                             : 2
 20-bit up counter                                     : 2
# Registers                                            : 26
 Flip-Flops                                            : 26
# Xors                                                 : 3
 1-bit xor2                                            : 3

=========================================================================

=========================================================================
*                         Low Level Synthesis                           *
=========================================================================
WARNING:Xst:1293 - FF/Latch <next_state_1> has a constant value of 0 in block <fsm>. This FF/Latch will be trimmed during the optimization process.
WARNING:Xst:1896 - Due to other FF/Latch trimming, FF/Latch <next_state_2> has a constant value of 0 in block <fsm>. This FF/Latch will be trimmed during the optimization process.
WARNING:Xst:1896 - Due to other FF/Latch trimming, FF/Latch <next_state_3> has a constant value of 0 in block <fsm>. This FF/Latch will be trimmed during the optimization process.
WARNING:Xst:1896 - Due to other FF/Latch trimming, FF/Latch <next_state_4> has a constant value of 0 in block <fsm>. This FF/Latch will be trimmed during the optimization process.
WARNING:Xst:1896 - Due to other FF/Latch trimming, FF/Latch <next_state_5> has a constant value of 0 in block <fsm>. This FF/Latch will be trimmed during the optimization process.
WARNING:Xst:1896 - Due to other FF/Latch trimming, FF/Latch <next_state_6> has a constant value of 0 in block <fsm>. This FF/Latch will be trimmed during the optimization process.
WARNING:Xst:1896 - Due to other FF/Latch trimming, FF/Latch <state_6> has a constant value of 0 in block <fsm>. This FF/Latch will be trimmed during the optimization process.
WARNING:Xst:1896 - Due to other FF/Latch trimming, FF/Latch <state_5> has a constant value of 0 in block <fsm>. This FF/Latch will be trimmed during the optimization process.
WARNING:Xst:1896 - Due to other FF/Latch trimming, FF/Latch <state_4> has a constant value of 0 in block <fsm>. This FF/Latch will be trimmed during the optimization process.
WARNING:Xst:1896 - Due to other FF/Latch trimming, FF/Latch <state_3> has a constant value of 0 in block <fsm>. This FF/Latch will be trimmed during the optimization process.
WARNING:Xst:1896 - Due to other FF/Latch trimming, FF/Latch <state_2> has a constant value of 0 in block <fsm>. This FF/Latch will be trimmed during the optimization process.
WARNING:Xst:1896 - Due to other FF/Latch trimming, FF/Latch <state_1> has a constant value of 0 in block <fsm>. This FF/Latch will be trimmed during the optimization process.
WARNING:Xst:1896 - Due to other FF/Latch trimming, FF/Latch <led_o_0> has a constant value of 0 in block <fsm>. This FF/Latch will be trimmed during the optimization process.
WARNING:Xst:1896 - Due to other FF/Latch trimming, FF/Latch <led_o_1> has a constant value of 0 in block <fsm>. This FF/Latch will be trimmed during the optimization process.
WARNING:Xst:1896 - Due to other FF/Latch trimming, FF/Latch <led_o_2> has a constant value of 0 in block <fsm>. This FF/Latch will be trimmed during the optimization process.
WARNING:Xst:1896 - Due to other FF/Latch trimming, FF/Latch <led_o_3> has a constant value of 0 in block <fsm>. This FF/Latch will be trimmed during the optimization process.
WARNING:Xst:1896 - Due to other FF/Latch trimming, FF/Latch <led_o_4> has a constant value of 0 in block <fsm>. This FF/Latch will be trimmed during the optimization process.
WARNING:Xst:1896 - Due to other FF/Latch trimming, FF/Latch <led_o_5> has a constant value of 0 in block <fsm>. This FF/Latch will be trimmed during the optimization process.
WARNING:Xst:2677 - Node <next_state_0> of sequential type is unconnected in block <fsm>.
WARNING:Xst:2677 - Node <state_0> of sequential type is unconnected in block <fsm>.
WARNING:Xst:2677 - Node <db1/result> of sequential type is unconnected in block <head>.
WARNING:Xst:2677 - Node <db1/flipflop_1> of sequential type is unconnected in block <head>.
WARNING:Xst:2677 - Node <db1/flipflop_0> of sequential type is unconnected in block <head>.
WARNING:Xst:2677 - Node <db0/result> of sequential type is unconnected in block <head>.
WARNING:Xst:2677 - Node <db0/flipflop_1> of sequential type is unconnected in block <head>.
WARNING:Xst:2677 - Node <db0/flipflop_0> of sequential type is unconnected in block <head>.
WARNING:Xst:2677 - Node <db0/count_0> of sequential type is unconnected in block <head>.
WARNING:Xst:2677 - Node <db0/count_1> of sequential type is unconnected in block <head>.
WARNING:Xst:2677 - Node <db0/count_2> of sequential type is unconnected in block <head>.
WARNING:Xst:2677 - Node <db0/count_3> of sequential type is unconnected in block <head>.
WARNING:Xst:2677 - Node <db0/count_4> of sequential type is unconnected in block <head>.
WARNING:Xst:2677 - Node <db0/count_5> of sequential type is unconnected in block <head>.
WARNING:Xst:2677 - Node <db0/count_6> of sequential type is unconnected in block <head>.
WARNING:Xst:2677 - Node <db0/count_7> of sequential type is unconnected in block <head>.
WARNING:Xst:2677 - Node <db0/count_8> of sequential type is unconnected in block <head>.
WARNING:Xst:2677 - Node <db0/count_9> of sequential type is unconnected in block <head>.
WARNING:Xst:2677 - Node <db0/count_10> of sequential type is unconnected in block <head>.
WARNING:Xst:2677 - Node <db0/count_11> of sequential type is unconnected in block <head>.
WARNING:Xst:2677 - Node <db0/count_12> of sequential type is unconnected in block <head>.
WARNING:Xst:2677 - Node <db0/count_13> of sequential type is unconnected in block <head>.
WARNING:Xst:2677 - Node <db0/count_14> of sequential type is unconnected in block <head>.
WARNING:Xst:2677 - Node <db0/count_15> of sequential type is unconnected in block <head>.
WARNING:Xst:2677 - Node <db0/count_16> of sequential type is unconnected in block <head>.
WARNING:Xst:2677 - Node <db0/count_17> of sequential type is unconnected in block <head>.
WARNING:Xst:2677 - Node <db0/count_18> of sequential type is unconnected in block <head>.
WARNING:Xst:2677 - Node <db0/count_19> of sequential type is unconnected in block <head>.
WARNING:Xst:2677 - Node <db1/count_0> of sequential type is unconnected in block <head>.
WARNING:Xst:2677 - Node <db1/count_1> of sequential type is unconnected in block <head>.
WARNING:Xst:2677 - Node <db1/count_2> of sequential type is unconnected in block <head>.
WARNING:Xst:2677 - Node <db1/count_3> of sequential type is unconnected in block <head>.
WARNING:Xst:2677 - Node <db1/count_4> of sequential type is unconnected in block <head>.
WARNING:Xst:2677 - Node <db1/count_5> of sequential type is unconnected in block <head>.
WARNING:Xst:2677 - Node <db1/count_6> of sequential type is unconnected in block <head>.
WARNING:Xst:2677 - Node <db1/count_7> of sequential type is unconnected in block <head>.
WARNING:Xst:2677 - Node <db1/count_8> of sequential type is unconnected in block <head>.
WARNING:Xst:2677 - Node <db1/count_9> of sequential type is unconnected in block <head>.
WARNING:Xst:2677 - Node <db1/count_10> of sequential type is unconnected in block <head>.
WARNING:Xst:2677 - Node <db1/count_11> of sequential type is unconnected in block <head>.
WARNING:Xst:2677 - Node <db1/count_12> of sequential type is unconnected in block <head>.
WARNING:Xst:2677 - Node <db1/count_13> of sequential type is unconnected in block <head>.
WARNING:Xst:2677 - Node <db1/count_14> of sequential type is unconnected in block <head>.
WARNING:Xst:2677 - Node <db1/count_15> of sequential type is unconnected in block <head>.
WARNING:Xst:2677 - Node <db1/count_16> of sequential type is unconnected in block <head>.
WARNING:Xst:2677 - Node <db1/count_17> of sequential type is unconnected in block <head>.
WARNING:Xst:2677 - Node <db1/count_18> of sequential type is unconnected in block <head>.
WARNING:Xst:2677 - Node <db1/count_19> of sequential type is unconnected in block <head>.

Optimizing unit <head> ...

Mapping all equations...
Building and optimizing final netlist ...

Final Macro Processing ...

=========================================================================
Final Register Report

Found no macro
=========================================================================

=========================================================================
*                           Partition Report                            *
=========================================================================

Partition Implementation Status
-------------------------------

  No Partitions were found in this design.

-------------------------------

=========================================================================
*                            Final Report                               *
=========================================================================

Clock Information:
------------------
No clock signals found in this design

Asynchronous Control Signals Information:
----------------------------------------
No asynchronous control signals found in this design

Timing Summary:
---------------
Speed Grade: -4

   Minimum period: No path found
   Minimum input arrival time before clock: No path found
   Maximum output required time after clock: No path found
   Maximum combinational path delay: No path found

=========================================================================
