
*** Running xst
    with args -ifn blinkyled.xst -ofn blinkyled.srp -intstyle ise

Reading design: blinkyled.prj

=========================================================================
*                          HDL Compilation                              *
=========================================================================
Compiling vhdl file "/home/thomas/Documents/CloudStation/Skole/7_Semester/EMB/code/blinkyled/blinkyled.srcs/sources_1/new/blinkyled.vhd" in Library work.
Entity <blinkyled> compiled.
Entity <blinkyled> (Architecture <Behavioral>) compiled.

=========================================================================
*                     Design Hierarchy Analysis                         *
=========================================================================
Analyzing hierarchy for entity <blinkyled> in library <work> (architecture <Behavioral>).


=========================================================================
*                            HDL Analysis                               *
=========================================================================
Analyzing Entity <blinkyled> in library <work> (Architecture <Behavioral>).
Entity <blinkyled> analyzed. Unit <blinkyled> generated.


=========================================================================
*                           HDL Synthesis                               *
=========================================================================

Performing bidirectional port resolution...

Synthesizing Unit <blinkyled>.
    Related source file is "/home/thomas/Documents/CloudStation/Skole/7_Semester/EMB/code/blinkyled/blinkyled.srcs/sources_1/new/blinkyled.vhd".
    Found 26-bit up counter for signal <divider>.
    Summary:
	inferred   1 Counter(s).
Unit <blinkyled> synthesized.


=========================================================================
HDL Synthesis Report

Macro Statistics
# Counters                                             : 1
 26-bit up counter                                     : 1

=========================================================================

=========================================================================
*                       Advanced HDL Synthesis                          *
=========================================================================


=========================================================================
Advanced HDL Synthesis Report

Macro Statistics
# Counters                                             : 1
 26-bit up counter                                     : 1

=========================================================================

=========================================================================
*                         Low Level Synthesis                           *
=========================================================================

Optimizing unit <blinkyled> ...

Mapping all equations...
Building and optimizing final netlist ...

Final Macro Processing ...

=========================================================================
Final Register Report

Macro Statistics
# Registers                                            : 26
 Flip-Flops                                            : 26

=========================================================================

=========================================================================
*                           Partition Report                            *
=========================================================================

Partition Implementation Status
-------------------------------

  No Partitions were found in this design.

-------------------------------

=========================================================================
*                            Final Report                               *
=========================================================================

Clock Information:
------------------
-----------------------------------+------------------------+-------+
Clock Signal                       | Clock buffer(FF name)  | Load  |
-----------------------------------+------------------------+-------+
clk_50mhz                          | BUFGP                  | 26    |
-----------------------------------+------------------------+-------+

Asynchronous Control Signals Information:
----------------------------------------
No asynchronous control signals found in this design

Timing Summary:
---------------
Speed Grade: -4

   Minimum period: 5.025ns (Maximum Frequency: 199.005MHz)
   Minimum input arrival time before clock: No path found
   Maximum output required time after clock: 5.558ns
   Maximum combinational path delay: No path found

=========================================================================
